
> frontend@0.1.0 dev
> next dev

▲ Next.js 16.1.3 (Turbopack)
- Local:         http://localhost:3000
- Network:       http://192.168.0.2:3000

✓ Starting...
✓ Ready in 1158ms
○ Compiling /collections ...
 GET /collections 200 in 6.0s (compile: 5.1s, render: 917ms)
⨯ upstream image response failed for https://images.unsplash.com/photo-1611299288800-f3a7f5c4b1fa?w=600&h=400&fit=crop 404
⨯ upstream image response failed for https://images.unsplash.com/photo-1594938391221-52c9089c9f8e?w=600&h=400&fit=crop 404
⨯ upstream image response failed for https://images.unsplash.com/photo-1590735213408-9d0bd67b1ed3?w=600&h=400&fit=crop 404
 GET / 200 in 3.2s (compile: 2.9s, render: 357ms)
⨯ upstream image response failed for https://images.unsplash.com/photo-1611299288800-f3a7f5c4b1fa?w=300&h=400&fit=crop 404
⨯ upstream image response failed for https://images.unsplash.com/photo-1590735213408-9d0bd67b1ed3?w=400&h=600&fit=crop 404
⨯ upstream image response failed for https://images.unsplash.com/photo-1611299288800-f3a7f5c4b1fa?w=400&h=600&fit=crop 404
⨯ upstream image response failed for https://images.unsplash.com/photo-1590735213408-9d0bd67b1ed3?w=300&h=400&fit=crop 404
 GET /cart 200 in 1158ms (compile: 1016ms, render: 142ms)
✓ Compiled in 49ms
 GET /collections 200 in 500ms (compile: 101ms, render: 399ms)
 GET / 200 in 291ms (compile: 67ms, render: 224ms)
 GET /cart 200 in 132ms (compile: 11ms, render: 122ms)
